This file contains any messages produced by compilers while
running configure, to aid debugging if configure makes a mistake.

It was created by TextED configure 0.1, which was
generated by GNU Autoconf 2.69.  Invocation command line was

  $ ./configure --no-create --no-recursion

## --------- ##
## Platform. ##
## --------- ##

hostname = PC-baltasarq
uname -m = x86_64
uname -r = 3.13.0-24-generic
uname -s = Linux
uname -v = #46-Ubuntu SMP Thu Apr 10 19:11:08 UTC 2014

/usr/bin/uname -p = unknown
/bin/uname -X     = unknown

/bin/arch              = unknown
/usr/bin/arch -k       = unknown
/usr/convex/getsysinfo = unknown
/usr/bin/hostinfo      = unknown
/bin/machine           = unknown
/usr/bin/oslevel       = unknown
/bin/universe          = unknown

PATH: /home/baltasarq/bin
PATH: /usr/local/sbin
PATH: /usr/local/bin
PATH: /usr/sbin
PATH: /usr/bin
PATH: /sbin
PATH: /bin
PATH: /usr/games
PATH: /usr/local/games


## ----------- ##
## Core tests. ##
## ----------- ##

configure:2263: checking for a BSD-compatible install
configure:2331: result: /usr/bin/install -c
configure:2342: checking whether build environment is sane
configure:2397: result: yes
configure:2435: WARNING: 'missing' script is too old or missing
configure:2548: checking for a thread-safe mkdir -p
configure:2587: result: /bin/mkdir -p
configure:2594: checking for gawk
configure:2624: result: no
configure:2594: checking for mawk
configure:2610: found /usr/bin/mawk
configure:2621: result: mawk
configure:2632: checking whether make sets $(MAKE)
configure:2654: result: yes
configure:2683: checking whether make supports nested variables
configure:2700: result: yes
configure:2829: checking whether NLS is requested
configure:2838: result: yes
configure:2854: checking for style of include used by make
configure:2882: result: GNU
configure:2953: checking for gcc
configure:2969: found /usr/bin/gcc
configure:2980: result: gcc
configure:3209: checking for C compiler version
configure:3218: gcc --version >&5
gcc (Ubuntu 4.8.2-19ubuntu1) 4.8.2
Copyright (C) 2013 Free Software Foundation, Inc.
This is free software; see the source for copying conditions.  There is NO
warranty; not even for MERCHANTABILITY or FITNESS FOR A PARTICULAR PURPOSE.

configure:3229: $? = 0
configure:3218: gcc -v >&5
Using built-in specs.
COLLECT_GCC=gcc
COLLECT_LTO_WRAPPER=/usr/lib/gcc/x86_64-linux-gnu/4.8/lto-wrapper
Target: x86_64-linux-gnu
Configured with: ../src/configure -v --with-pkgversion='Ubuntu 4.8.2-19ubuntu1' --with-bugurl=file:///usr/share/doc/gcc-4.8/README.Bugs --enable-languages=c,c++,java,go,d,fortran,objc,obj-c++ --prefix=/usr --program-suffix=-4.8 --enable-shared --enable-linker-build-id --libexecdir=/usr/lib --without-included-gettext --enable-threads=posix --with-gxx-include-dir=/usr/include/c++/4.8 --libdir=/usr/lib --enable-nls --with-sysroot=/ --enable-clocale=gnu --enable-libstdcxx-debug --enable-libstdcxx-time=yes --enable-gnu-unique-object --disable-libmudflap --enable-plugin --with-system-zlib --disable-browser-plugin --enable-java-awt=gtk --enable-gtk-cairo --with-java-home=/usr/lib/jvm/java-1.5.0-gcj-4.8-amd64/jre --enable-java-home --with-jvm-root-dir=/usr/lib/jvm/java-1.5.0-gcj-4.8-amd64 --with-jvm-jar-dir=/usr/lib/jvm-exports/java-1.5.0-gcj-4.8-amd64 --with-arch-directory=amd64 --with-ecj-jar=/usr/share/java/eclipse-ecj.jar --enable-objc-gc --enable-multiarch --disable-werror --with-arch-32=i686 --with-abi=m64 --with-multilib-list=m32,m64,mx32 --with-tune=generic --enable-checking=release --build=x86_64-linux-gnu --host=x86_64-linux-gnu --target=x86_64-linux-gnu
Thread model: posix
gcc version 4.8.2 (Ubuntu 4.8.2-19ubuntu1) 
configure:3229: $? = 0
configure:3218: gcc -V >&5
gcc: error: unrecognized command line option '-V'
gcc: fatal error: no input files
compilation terminated.
configure:3229: $? = 4
configure:3218: gcc -qversion >&5
gcc: error: unrecognized command line option '-qversion'
gcc: fatal error: no input files
compilation terminated.
configure:3229: $? = 4
configure:3249: checking whether the C compiler works
configure:3271: gcc    conftest.c  >&5
configure:3275: $? = 0
configure:3323: result: yes
configure:3326: checking for C compiler default output file name
configure:3328: result: a.out
configure:3334: checking for suffix of executables
configure:3341: gcc -o conftest    conftest.c  >&5
configure:3345: $? = 0
configure:3367: result: 
configure:3389: checking whether we are cross compiling
configure:3397: gcc -o conftest    conftest.c  >&5
configure:3401: $? = 0
configure:3408: ./conftest
configure:3412: $? = 0
configure:3427: result: no
configure:3432: checking for suffix of object files
configure:3454: gcc -c   conftest.c >&5
configure:3458: $? = 0
configure:3479: result: o
configure:3483: checking whether we are using the GNU C compiler
configure:3502: gcc -c   conftest.c >&5
configure:3502: $? = 0
configure:3511: result: yes
configure:3520: checking whether gcc accepts -g
configure:3540: gcc -c -g  conftest.c >&5
configure:3540: $? = 0
configure:3581: result: yes
configure:3598: checking for gcc option to accept ISO C89
configure:3661: gcc  -c -g -O2  conftest.c >&5
configure:3661: $? = 0
configure:3674: result: none needed
configure:3699: checking whether gcc understands -c and -o together
configure:3721: gcc -c conftest.c -o conftest2.o
configure:3724: $? = 0
configure:3721: gcc -c conftest.c -o conftest2.o
configure:3724: $? = 0
configure:3736: result: yes
configure:3755: checking dependency style of gcc
configure:3866: result: gcc3
configure:3906: checking for intltool-update
configure:3924: found /usr/bin/intltool-update
configure:3936: result: /usr/bin/intltool-update
configure:3946: checking for intltool-merge
configure:3964: found /usr/bin/intltool-merge
configure:3976: result: /usr/bin/intltool-merge
configure:3986: checking for intltool-extract
configure:4004: found /usr/bin/intltool-extract
configure:4016: result: /usr/bin/intltool-extract
configure:4170: checking for xgettext
configure:4188: found /usr/bin/xgettext
configure:4200: result: /usr/bin/xgettext
configure:4210: checking for msgmerge
configure:4228: found /usr/bin/msgmerge
configure:4240: result: /usr/bin/msgmerge
configure:4250: checking for msgfmt
configure:4268: found /usr/bin/msgfmt
configure:4280: result: /usr/bin/msgfmt
configure:4290: checking for gmsgfmt
configure:4321: result: /usr/bin/msgfmt
configure:4341: checking for perl
configure:4359: found /usr/bin/perl
configure:4371: result: /usr/bin/perl
configure:4382: checking for perl >= 5.8.1
configure:4389: result: 5.18.2
configure:4421: gcc -o conftest -g -O2   conftest.c  >&5
configure:4421: $? = 0
configure:4495: checking for gcc
configure:4522: result: gcc
configure:4751: checking for C compiler version
configure:4760: gcc --version >&5
gcc (Ubuntu 4.8.2-19ubuntu1) 4.8.2
Copyright (C) 2013 Free Software Foundation, Inc.
This is free software; see the source for copying conditions.  There is NO
warranty; not even for MERCHANTABILITY or FITNESS FOR A PARTICULAR PURPOSE.

configure:4771: $? = 0
configure:4760: gcc -v >&5
Using built-in specs.
COLLECT_GCC=gcc
COLLECT_LTO_WRAPPER=/usr/lib/gcc/x86_64-linux-gnu/4.8/lto-wrapper
Target: x86_64-linux-gnu
Configured with: ../src/configure -v --with-pkgversion='Ubuntu 4.8.2-19ubuntu1' --with-bugurl=file:///usr/share/doc/gcc-4.8/README.Bugs --enable-languages=c,c++,java,go,d,fortran,objc,obj-c++ --prefix=/usr --program-suffix=-4.8 --enable-shared --enable-linker-build-id --libexecdir=/usr/lib --without-included-gettext --enable-threads=posix --with-gxx-include-dir=/usr/include/c++/4.8 --libdir=/usr/lib --enable-nls --with-sysroot=/ --enable-clocale=gnu --enable-libstdcxx-debug --enable-libstdcxx-time=yes --enable-gnu-unique-object --disable-libmudflap --enable-plugin --with-system-zlib --disable-browser-plugin --enable-java-awt=gtk --enable-gtk-cairo --with-java-home=/usr/lib/jvm/java-1.5.0-gcj-4.8-amd64/jre --enable-java-home --with-jvm-root-dir=/usr/lib/jvm/java-1.5.0-gcj-4.8-amd64 --with-jvm-jar-dir=/usr/lib/jvm-exports/java-1.5.0-gcj-4.8-amd64 --with-arch-directory=amd64 --with-ecj-jar=/usr/share/java/eclipse-ecj.jar --enable-objc-gc --enable-multiarch --disable-werror --with-arch-32=i686 --with-abi=m64 --with-multilib-list=m32,m64,mx32 --with-tune=generic --enable-checking=release --build=x86_64-linux-gnu --host=x86_64-linux-gnu --target=x86_64-linux-gnu
Thread model: posix
gcc version 4.8.2 (Ubuntu 4.8.2-19ubuntu1) 
configure:4771: $? = 0
configure:4760: gcc -V >&5
gcc: error: unrecognized command line option '-V'
gcc: fatal error: no input files
compilation terminated.
configure:4771: $? = 4
configure:4760: gcc -qversion >&5
gcc: error: unrecognized command line option '-qversion'
gcc: fatal error: no input files
compilation terminated.
configure:4771: $? = 4
configure:4775: checking whether we are using the GNU C compiler
configure:4803: result: yes
configure:4812: checking whether gcc accepts -g
configure:4873: result: yes
configure:4890: checking for gcc option to accept ISO C89
configure:4966: result: none needed
configure:4991: checking whether gcc understands -c and -o together
configure:5028: result: yes
configure:5047: checking dependency style of gcc
configure:5158: result: gcc3
configure:5232: checking for pkg-config
configure:5250: found /usr/bin/pkg-config
configure:5262: result: /usr/bin/pkg-config
configure:5287: checking pkg-config is at least version 0.9.0
configure:5290: result: yes
configure:5300: checking for GTK
configure:5307: $PKG_CONFIG --exists --print-errors "gtk+-2.0"
configure:5310: $? = 0
configure:5324: $PKG_CONFIG --exists --print-errors "gtk+-2.0"
configure:5327: $? = 0
configure:5385: result: yes
configure:5397: $PKG_CONFIG --exists --print-errors "gtk+-2.0 >= 2.4.0"
configure:5400: $? = 0
configure:5415: $PKG_CONFIG --exists --print-errors "gtk+-2.0 >= 2.10.0"
configure:5418: $? = 0
configure:5518: checking how to run the C preprocessor
configure:5549: gcc -E  conftest.c
configure:5549: $? = 0
configure:5563: gcc -E  conftest.c
conftest.c:13:28: fatal error: ac_nonexistent.h: No such file or directory
 #include <ac_nonexistent.h>
                            ^
compilation terminated.
configure:5563: $? = 1
configure: failed program was:
| /* confdefs.h */
| #define PACKAGE_NAME "TextED"
| #define PACKAGE_TARNAME "texted"
| #define PACKAGE_VERSION "0.1"
| #define PACKAGE_STRING "TextED 0.1"
| #define PACKAGE_BUGREPORT ""
| #define PACKAGE_URL ""
| #define PACKAGE "texted"
| #define VERSION "0.1"
| #define ENABLE_CHOOSER 1
| #define ENABLE_PRINT 1
| /* end confdefs.h.  */
| #include <ac_nonexistent.h>
configure:5588: result: gcc -E
configure:5608: gcc -E  conftest.c
configure:5608: $? = 0
configure:5622: gcc -E  conftest.c
conftest.c:13:28: fatal error: ac_nonexistent.h: No such file or directory
 #include <ac_nonexistent.h>
                            ^
compilation terminated.
configure:5622: $? = 1
configure: failed program was:
| /* confdefs.h */
| #define PACKAGE_NAME "TextED"
| #define PACKAGE_TARNAME "texted"
| #define PACKAGE_VERSION "0.1"
| #define PACKAGE_STRING "TextED 0.1"
| #define PACKAGE_BUGREPORT ""
| #define PACKAGE_URL ""
| #define PACKAGE "texted"
| #define VERSION "0.1"
| #define ENABLE_CHOOSER 1
| #define ENABLE_PRINT 1
| /* end confdefs.h.  */
| #include <ac_nonexistent.h>
configure:5651: checking for grep that handles long lines and -e
configure:5709: result: /bin/grep
configure:5714: checking for egrep
configure:5776: result: /bin/grep -E
configure:5781: checking for ANSI C header files
configure:5801: gcc -c -g -O2 -Wall  conftest.c >&5
configure:5801: $? = 0
configure:5874: gcc -o conftest -g -O2 -Wall   conftest.c  >&5
configure:5874: $? = 0
configure:5874: ./conftest
configure:5874: $? = 0
configure:5885: result: yes
configure:5898: checking for sys/types.h
configure:5898: gcc -c -g -O2 -Wall  conftest.c >&5
configure:5898: $? = 0
configure:5898: result: yes
configure:5898: checking for sys/stat.h
configure:5898: gcc -c -g -O2 -Wall  conftest.c >&5
configure:5898: $? = 0
configure:5898: result: yes
configure:5898: checking for stdlib.h
configure:5898: gcc -c -g -O2 -Wall  conftest.c >&5
configure:5898: $? = 0
configure:5898: result: yes
configure:5898: checking for string.h
configure:5898: gcc -c -g -O2 -Wall  conftest.c >&5
configure:5898: $? = 0
configure:5898: result: yes
configure:5898: checking for memory.h
configure:5898: gcc -c -g -O2 -Wall  conftest.c >&5
configure:5898: $? = 0
configure:5898: result: yes
configure:5898: checking for strings.h
configure:5898: gcc -c -g -O2 -Wall  conftest.c >&5
configure:5898: $? = 0
configure:5898: result: yes
configure:5898: checking for inttypes.h
configure:5898: gcc -c -g -O2 -Wall  conftest.c >&5
configure:5898: $? = 0
configure:5898: result: yes
configure:5898: checking for stdint.h
configure:5898: gcc -c -g -O2 -Wall  conftest.c >&5
configure:5898: $? = 0
configure:5898: result: yes
configure:5898: checking for unistd.h
configure:5898: gcc -c -g -O2 -Wall  conftest.c >&5
configure:5898: $? = 0
configure:5898: result: yes
configure:5913: checking locale.h usability
configure:5913: gcc -c -g -O2 -Wall  conftest.c >&5
configure:5913: $? = 0
configure:5913: result: yes
configure:5913: checking locale.h presence
configure:5913: gcc -E  conftest.c
configure:5913: $? = 0
configure:5913: result: yes
configure:5913: checking for locale.h
configure:5913: result: yes
configure:5924: checking for LC_MESSAGES
configure:5940: gcc -o conftest -g -O2 -Wall   conftest.c  >&5
configure:5940: $? = 0
configure:5948: result: yes
configure:5965: checking libintl.h usability
configure:5965: gcc -c -g -O2 -Wall  conftest.c >&5
configure:5965: $? = 0
configure:5965: result: yes
configure:5965: checking libintl.h presence
configure:5965: gcc -E  conftest.c
configure:5965: $? = 0
configure:5965: result: yes
configure:5965: checking for libintl.h
configure:5965: result: yes
configure:5973: checking for ngettext in libc
configure:5991: gcc -o conftest -g -O2 -Wall   conftest.c  >&5
configure:5991: $? = 0
configure:6000: result: yes
configure:6004: checking for dgettext in libc
configure:6022: gcc -o conftest -g -O2 -Wall   conftest.c  >&5
configure:6022: $? = 0
configure:6031: result: yes
configure:6038: checking for bind_textdomain_codeset
configure:6038: gcc -o conftest -g -O2 -Wall   conftest.c  >&5
configure:6038: $? = 0
configure:6038: result: yes
configure:6314: checking for msgfmt
configure:6341: result: /usr/bin/msgfmt
configure:6352: checking for dcgettext
configure:6352: gcc -o conftest -g -O2 -Wall   conftest.c   >&5
conftest.c:50:6: warning: conflicting types for built-in function 'dcgettext' [enabled by default]
 char dcgettext ();
      ^
configure:6352: $? = 0
configure:6352: result: yes
configure:6362: checking if msgfmt accepts -c
configure:6377: $MSGFMT -c -o /dev/null conftest.foo
conftest.foo:3: warning: header field 'Language' missing in header
configure:6380: $? = 0
configure:6382: result: yes
configure:6392: checking for gmsgfmt
configure:6423: result: /usr/bin/msgfmt
configure:6433: checking for xgettext
configure:6460: result: /usr/bin/xgettext
configure:6479: gcc -o conftest -g -O2 -Wall   conftest.c   >&5
configure:6479: $? = 0
configure:6749: checking that generated files are newer than configure
configure:6755: result: done
configure:6786: creating ./config.status

## ---------------- ##
## Cache variables. ##
## ---------------- ##

ac_cv_c_compiler_gnu=yes
ac_cv_env_CC_set=
ac_cv_env_CC_value=
ac_cv_env_CFLAGS_set=
ac_cv_env_CFLAGS_value=
ac_cv_env_CPPFLAGS_set=
ac_cv_env_CPPFLAGS_value=
ac_cv_env_CPP_set=
ac_cv_env_CPP_value=
ac_cv_env_GNOMEPRINT_CFLAGS_set=
ac_cv_env_GNOMEPRINT_CFLAGS_value=
ac_cv_env_GNOMEPRINT_LIBS_set=
ac_cv_env_GNOMEPRINT_LIBS_value=
ac_cv_env_GTK_CFLAGS_set=
ac_cv_env_GTK_CFLAGS_value=
ac_cv_env_GTK_LIBS_set=
ac_cv_env_GTK_LIBS_value=
ac_cv_env_LDFLAGS_set=
ac_cv_env_LDFLAGS_value=
ac_cv_env_LIBS_set=
ac_cv_env_LIBS_value=
ac_cv_env_PKG_CONFIG_LIBDIR_set=
ac_cv_env_PKG_CONFIG_LIBDIR_value=
ac_cv_env_PKG_CONFIG_PATH_set=
ac_cv_env_PKG_CONFIG_PATH_value=
ac_cv_env_PKG_CONFIG_set=
ac_cv_env_PKG_CONFIG_value=
ac_cv_env_build_alias_set=
ac_cv_env_build_alias_value=
ac_cv_env_host_alias_set=
ac_cv_env_host_alias_value=
ac_cv_env_target_alias_set=
ac_cv_env_target_alias_value=
ac_cv_func_bind_textdomain_codeset=yes
ac_cv_func_dcgettext=yes
ac_cv_header_inttypes_h=yes
ac_cv_header_libintl_h=yes
ac_cv_header_locale_h=yes
ac_cv_header_memory_h=yes
ac_cv_header_stdc=yes
ac_cv_header_stdint_h=yes
ac_cv_header_stdlib_h=yes
ac_cv_header_string_h=yes
ac_cv_header_strings_h=yes
ac_cv_header_sys_stat_h=yes
ac_cv_header_sys_types_h=yes
ac_cv_header_unistd_h=yes
ac_cv_objext=o
ac_cv_path_EGREP='/bin/grep -E'
ac_cv_path_GMSGFMT=/usr/bin/msgfmt
ac_cv_path_GREP=/bin/grep
ac_cv_path_INTLTOOL_EXTRACT=/usr/bin/intltool-extract
ac_cv_path_INTLTOOL_MERGE=/usr/bin/intltool-merge
ac_cv_path_INTLTOOL_PERL=/usr/bin/perl
ac_cv_path_INTLTOOL_UPDATE=/usr/bin/intltool-update
ac_cv_path_MSGFMT=/usr/bin/msgfmt
ac_cv_path_MSGMERGE=/usr/bin/msgmerge
ac_cv_path_XGETTEXT=/usr/bin/xgettext
ac_cv_path_ac_pt_PKG_CONFIG=/usr/bin/pkg-config
ac_cv_path_install='/usr/bin/install -c'
ac_cv_path_mkdir=/bin/mkdir
ac_cv_prog_AWK=mawk
ac_cv_prog_CPP='gcc -E'
ac_cv_prog_ac_ct_CC=gcc
ac_cv_prog_cc_c89=
ac_cv_prog_cc_g=yes
ac_cv_prog_make_make_set=yes
am_cv_CC_dependencies_compiler_type=gcc3
am_cv_make_support_nested_variables=yes
am_cv_prog_cc_c_o=yes
am_cv_val_LC_MESSAGES=yes
gt_cv_func_dgettext_libc=yes
gt_cv_func_dgettext_libintl=no
gt_cv_func_ngettext_libc=yes
gt_cv_have_gettext=yes
pkg_cv_GTK_CFLAGS='-pthread -I/usr/include/gtk-2.0 -I/usr/lib/x86_64-linux-gnu/gtk-2.0/include -I/usr/include/atk-1.0 -I/usr/include/cairo -I/usr/include/gdk-pixbuf-2.0 -I/usr/include/pango-1.0 -I/usr/include/gio-unix-2.0/ -I/usr/include/freetype2 -I/usr/include/glib-2.0 -I/usr/lib/x86_64-linux-gnu/glib-2.0/include -I/usr/include/pixman-1 -I/usr/include/libpng12 -I/usr/include/harfbuzz  '
pkg_cv_GTK_LIBS='-lgtk-x11-2.0 -lgdk-x11-2.0 -latk-1.0 -lgio-2.0 -lpangoft2-1.0 -lpangocairo-1.0 -lgdk_pixbuf-2.0 -lcairo -lpango-1.0 -lfontconfig -lgobject-2.0 -lglib-2.0 -lfreetype  '

## ----------------- ##
## Output variables. ##
## ----------------- ##

ACLOCAL='aclocal-1.14'
ALL_LINGUAS=''
AMDEPBACKSLASH='\'
AMDEP_FALSE='#'
AMDEP_TRUE=''
AMTAR='$${TAR-tar}'
AM_BACKSLASH='\'
AM_DEFAULT_V='$(AM_DEFAULT_VERBOSITY)'
AM_DEFAULT_VERBOSITY='1'
AM_V='$(V)'
AUTOCONF='autoconf'
AUTOHEADER='autoheader'
AUTOMAKE='automake-1.14'
AWK='mawk'
CATALOGS=''
CATOBJEXT='.gmo'
CC='gcc'
CCDEPMODE='depmode=gcc3'
CFLAGS='-g -O2 -Wall'
CPP='gcc -E'
CPPFLAGS=''
CYGPATH_W='echo'
DATADIRNAME='share'
DEFS='-DHAVE_CONFIG_H'
DEPDIR='.deps'
ECHO_C=''
ECHO_N='-n'
ECHO_T=''
EGREP='/bin/grep -E'
EXEEXT=''
GETTEXT_PACKAGE='texted'
GMOFILES=''
GMSGFMT='/usr/bin/msgfmt'
GNOMEPRINT_CFLAGS=''
GNOMEPRINT_LIBS=''
GREP='/bin/grep'
GTK_CFLAGS='-pthread -I/usr/include/gtk-2.0 -I/usr/lib/x86_64-linux-gnu/gtk-2.0/include -I/usr/include/atk-1.0 -I/usr/include/cairo -I/usr/include/gdk-pixbuf-2.0 -I/usr/include/pango-1.0 -I/usr/include/gio-unix-2.0/ -I/usr/include/freetype2 -I/usr/include/glib-2.0 -I/usr/lib/x86_64-linux-gnu/glib-2.0/include -I/usr/include/pixman-1 -I/usr/include/libpng12 -I/usr/include/harfbuzz  '
GTK_LIBS='-lgtk-x11-2.0 -lgdk-x11-2.0 -latk-1.0 -lgio-2.0 -lpangoft2-1.0 -lpangocairo-1.0 -lgdk_pixbuf-2.0 -lcairo -lpango-1.0 -lfontconfig -lgobject-2.0 -lglib-2.0 -lfreetype  '
INSTALL_DATA='${INSTALL} -m 644'
INSTALL_PROGRAM='${INSTALL}'
INSTALL_SCRIPT='${INSTALL}'
INSTALL_STRIP_PROGRAM='$(install_sh) -c -s'
INSTOBJEXT='.mo'
INTLLIBS=''
INTLTOOL_CAVES_RULE='%.caves:     %.caves.in     $(INTLTOOL_MERGE) $(wildcard $(top_srcdir)/po/*.po) ; $(INTLTOOL_V_MERGE)LC_ALL=C $(INTLTOOL_MERGE) $(INTLTOOL_V_MERGE_OPTIONS) -d -u -c $(top_builddir)/po/.intltool-merge-cache $(top_srcdir)/po $< $@'
INTLTOOL_DESKTOP_RULE='%.desktop:   %.desktop.in   $(INTLTOOL_MERGE) $(wildcard $(top_srcdir)/po/*.po) ; $(INTLTOOL_V_MERGE)LC_ALL=C $(INTLTOOL_MERGE) $(INTLTOOL_V_MERGE_OPTIONS) -d -u -c $(top_builddir)/po/.intltool-merge-cache $(top_srcdir)/po $< $@'
INTLTOOL_DIRECTORY_RULE='%.directory: %.directory.in $(INTLTOOL_MERGE) $(wildcard $(top_srcdir)/po/*.po) ; $(INTLTOOL_V_MERGE)LC_ALL=C $(INTLTOOL_MERGE) $(INTLTOOL_V_MERGE_OPTIONS) -d -u -c $(top_builddir)/po/.intltool-merge-cache $(top_srcdir)/po $< $@'
INTLTOOL_EXTRACT='/usr/bin/intltool-extract'
INTLTOOL_KBD_RULE='%.kbd:       %.kbd.in       $(INTLTOOL_MERGE) $(wildcard $(top_srcdir)/po/*.po) ; $(INTLTOOL_V_MERGE)LC_ALL=C $(INTLTOOL_MERGE) $(INTLTOOL_V_MERGE_OPTIONS) -x -u -m -c $(top_builddir)/po/.intltool-merge-cache $(top_srcdir)/po $< $@'
INTLTOOL_KEYS_RULE='%.keys:      %.keys.in      $(INTLTOOL_MERGE) $(wildcard $(top_srcdir)/po/*.po) ; $(INTLTOOL_V_MERGE)LC_ALL=C $(INTLTOOL_MERGE) $(INTLTOOL_V_MERGE_OPTIONS) -k -u -c $(top_builddir)/po/.intltool-merge-cache $(top_srcdir)/po $< $@'
INTLTOOL_MERGE='/usr/bin/intltool-merge'
INTLTOOL_OAF_RULE='%.oaf:       %.oaf.in       $(INTLTOOL_MERGE) $(wildcard $(top_srcdir)/po/*.po) ; $(INTLTOOL_V_MERGE)LC_ALL=C $(INTLTOOL_MERGE) $(INTLTOOL_V_MERGE_OPTIONS) -o -p $(top_srcdir)/po $< $@'
INTLTOOL_PERL='/usr/bin/perl'
INTLTOOL_POLICY_RULE='%.policy:    %.policy.in    $(INTLTOOL_MERGE) $(wildcard $(top_srcdir)/po/*.po) ; $(INTLTOOL_V_MERGE)LC_ALL=C $(INTLTOOL_MERGE) $(INTLTOOL_V_MERGE_OPTIONS) -x -u -c $(top_builddir)/po/.intltool-merge-cache $(top_srcdir)/po $< $@'
INTLTOOL_PONG_RULE='%.pong:      %.pong.in      $(INTLTOOL_MERGE) $(wildcard $(top_srcdir)/po/*.po) ; $(INTLTOOL_V_MERGE)LC_ALL=C $(INTLTOOL_MERGE) $(INTLTOOL_V_MERGE_OPTIONS) -x -u -c $(top_builddir)/po/.intltool-merge-cache $(top_srcdir)/po $< $@'
INTLTOOL_PROP_RULE='%.prop:      %.prop.in      $(INTLTOOL_MERGE) $(wildcard $(top_srcdir)/po/*.po) ; $(INTLTOOL_V_MERGE)LC_ALL=C $(INTLTOOL_MERGE) $(INTLTOOL_V_MERGE_OPTIONS) -d -u -c $(top_builddir)/po/.intltool-merge-cache $(top_srcdir)/po $< $@'
INTLTOOL_SCHEMAS_RULE='%.schemas:   %.schemas.in   $(INTLTOOL_MERGE) $(wildcard $(top_srcdir)/po/*.po) ; $(INTLTOOL_V_MERGE)LC_ALL=C $(INTLTOOL_MERGE) $(INTLTOOL_V_MERGE_OPTIONS) -s -u -c $(top_builddir)/po/.intltool-merge-cache $(top_srcdir)/po $< $@'
INTLTOOL_SERVER_RULE='%.server:    %.server.in    $(INTLTOOL_MERGE) $(wildcard $(top_srcdir)/po/*.po) ; $(INTLTOOL_V_MERGE)LC_ALL=C $(INTLTOOL_MERGE) $(INTLTOOL_V_MERGE_OPTIONS) -o -u -c $(top_builddir)/po/.intltool-merge-cache $(top_srcdir)/po $< $@'
INTLTOOL_SERVICE_RULE='%.service: %.service.in   $(INTLTOOL_MERGE) $(wildcard $(top_srcdir)/po/*.po) ; $(INTLTOOL_V_MERGE)LC_ALL=C $(INTLTOOL_MERGE) $(INTLTOOL_V_MERGE_OPTIONS) -d -u -c $(top_builddir)/po/.intltool-merge-cache $(top_srcdir)/po $< $@'
INTLTOOL_SHEET_RULE='%.sheet:     %.sheet.in     $(INTLTOOL_MERGE) $(wildcard $(top_srcdir)/po/*.po) ; $(INTLTOOL_V_MERGE)LC_ALL=C $(INTLTOOL_MERGE) $(INTLTOOL_V_MERGE_OPTIONS) -x -u -c $(top_builddir)/po/.intltool-merge-cache $(top_srcdir)/po $< $@'
INTLTOOL_SOUNDLIST_RULE='%.soundlist: %.soundlist.in $(INTLTOOL_MERGE) $(wildcard $(top_srcdir)/po/*.po) ; $(INTLTOOL_V_MERGE)LC_ALL=C $(INTLTOOL_MERGE) $(INTLTOOL_V_MERGE_OPTIONS) -d -u -c $(top_builddir)/po/.intltool-merge-cache $(top_srcdir)/po $< $@'
INTLTOOL_THEME_RULE='%.theme:     %.theme.in     $(INTLTOOL_MERGE) $(wildcard $(top_srcdir)/po/*.po) ; $(INTLTOOL_V_MERGE)LC_ALL=C $(INTLTOOL_MERGE) $(INTLTOOL_V_MERGE_OPTIONS) -d -u -c $(top_builddir)/po/.intltool-merge-cache $(top_srcdir)/po $< $@'
INTLTOOL_UI_RULE='%.ui:        %.ui.in        $(INTLTOOL_MERGE) $(wildcard $(top_srcdir)/po/*.po) ; $(INTLTOOL_V_MERGE)LC_ALL=C $(INTLTOOL_MERGE) $(INTLTOOL_V_MERGE_OPTIONS) -x -u -c $(top_builddir)/po/.intltool-merge-cache $(top_srcdir)/po $< $@'
INTLTOOL_UPDATE='/usr/bin/intltool-update'
INTLTOOL_V_MERGE='$(INTLTOOL__v_MERGE_$(V))'
INTLTOOL_V_MERGE_OPTIONS='$(intltool__v_merge_options_$(V))'
INTLTOOL_XAM_RULE='%.xam:       %.xml.in       $(INTLTOOL_MERGE) $(wildcard $(top_srcdir)/po/*.po) ; $(INTLTOOL_V_MERGE)LC_ALL=C $(INTLTOOL_MERGE) $(INTLTOOL_V_MERGE_OPTIONS) -x -u -c $(top_builddir)/po/.intltool-merge-cache $(top_srcdir)/po $< $@'
INTLTOOL_XML_NOMERGE_RULE='%.xml:       %.xml.in       $(INTLTOOL_MERGE) ; $(INTLTOOL_V_MERGE)LC_ALL=C $(INTLTOOL_MERGE) $(INTLTOOL_V_MERGE_OPTIONS) -x -u --no-translations $< $@'
INTLTOOL_XML_RULE='%.xml:       %.xml.in       $(INTLTOOL_MERGE) $(wildcard $(top_srcdir)/po/*.po) ; $(INTLTOOL_V_MERGE)LC_ALL=C $(INTLTOOL_MERGE) $(INTLTOOL_V_MERGE_OPTIONS) -x -u -c $(top_builddir)/po/.intltool-merge-cache $(top_srcdir)/po $< $@'
INTLTOOL__v_MERGE_0='@echo "  ITMRG " $@;'
INTLTOOL__v_MERGE_='$(INTLTOOL__v_MERGE_$(AM_DEFAULT_VERBOSITY))'
LDFLAGS=''
LIBOBJS=''
LIBS=''
LTLIBOBJS=''
MAKEINFO='makeinfo'
MKDIR_P='/bin/mkdir -p'
MKINSTALLDIRS='./mkinstalldirs'
MSGFMT='/usr/bin/msgfmt'
MSGFMT_OPTS='-c'
MSGMERGE='/usr/bin/msgmerge'
OBJEXT='o'
PACKAGE='texted'
PACKAGE_BUGREPORT=''
PACKAGE_NAME='TextED'
PACKAGE_STRING='TextED 0.1'
PACKAGE_TARNAME='texted'
PACKAGE_URL=''
PACKAGE_VERSION='0.1'
PATH_SEPARATOR=':'
PKG_CONFIG='/usr/bin/pkg-config'
PKG_CONFIG_LIBDIR=''
PKG_CONFIG_PATH=''
POFILES=''
POSUB='po'
PO_IN_DATADIR_FALSE=''
PO_IN_DATADIR_TRUE=''
SET_MAKE=''
SHELL='/bin/bash'
STRIP=''
USE_NLS='yes'
VERSION='0.1'
XGETTEXT='/usr/bin/xgettext'
ac_ct_CC='gcc'
am__EXEEXT_FALSE=''
am__EXEEXT_TRUE='#'
am__fastdepCC_FALSE='#'
am__fastdepCC_TRUE=''
am__include='include'
am__isrc=''
am__leading_dot='.'
am__nodep='_no'
am__quote=''
am__tar='$${TAR-tar} chof - "$$tardir"'
am__untar='$${TAR-tar} xf -'
bindir='${exec_prefix}/bin'
build_alias=''
datadir='${datarootdir}'
datarootdir='${prefix}/share'
docdir='${datarootdir}/doc/${PACKAGE_TARNAME}'
dvidir='${docdir}'
exec_prefix='${prefix}'
host_alias=''
htmldir='${docdir}'
includedir='${prefix}/include'
infodir='${datarootdir}/info'
install_sh='${SHELL} /home/baltasarq/Dropbox/prys/texted/install-sh'
intltool__v_merge_options_0='-q'
intltool__v_merge_options_='$(intltool__v_merge_options_$(AM_DEFAULT_VERBOSITY))'
libdir='${exec_prefix}/lib'
libexecdir='${exec_prefix}/libexec'
localedir='/usr/local/share/locale'
localstatedir='${prefix}/var'
mandir='${datarootdir}/man'
mkdir_p='$(MKDIR_P)'
oldincludedir='/usr/include'
pdfdir='${docdir}'
prefix='/usr/local'
program_transform_name='s,x,x,'
psdir='${docdir}'
sbindir='${exec_prefix}/sbin'
sharedstatedir='${prefix}/com'
sysconfdir='${prefix}/etc'
target_alias=''

## ----------- ##
## confdefs.h. ##
## ----------- ##

/* confdefs.h */
#define PACKAGE_NAME "TextED"
#define PACKAGE_TARNAME "texted"
#define PACKAGE_VERSION "0.1"
#define PACKAGE_STRING "TextED 0.1"
#define PACKAGE_BUGREPORT ""
#define PACKAGE_URL ""
#define PACKAGE "texted"
#define VERSION "0.1"
#define ENABLE_CHOOSER 1
#define ENABLE_PRINT 1
#define STDC_HEADERS 1
#define HAVE_SYS_TYPES_H 1
#define HAVE_SYS_STAT_H 1
#define HAVE_STDLIB_H 1
#define HAVE_STRING_H 1
#define HAVE_MEMORY_H 1
#define HAVE_STRINGS_H 1
#define HAVE_INTTYPES_H 1
#define HAVE_STDINT_H 1
#define HAVE_UNISTD_H 1
#define HAVE_LOCALE_H 1
#define HAVE_LC_MESSAGES 1
#define HAVE_BIND_TEXTDOMAIN_CODESET 1
#define HAVE_GETTEXT 1
#define HAVE_DCGETTEXT 1
#define ENABLE_NLS 1
#define LOCALEDIR "/usr/local/share/locale"

configure: exit 0

## ---------------------- ##
## Running config.status. ##
## ---------------------- ##

This file was extended by TextED config.status 0.1, which was
generated by GNU Autoconf 2.69.  Invocation command line was

  CONFIG_FILES    = 
  CONFIG_HEADERS  = 
  CONFIG_LINKS    = 
  CONFIG_COMMANDS = 
  $ ./config.status 

on PC-baltasarq

config.status:950: creating Makefile
config.status:950: creating src/Makefile
config.status:950: creating data/Makefile
config.status:950: creating data/icons/Makefile
config.status:950: creating data/icons/16x16/Makefile
config.status:950: creating data/icons/22x22/Makefile
config.status:950: creating data/icons/24x24/Makefile
config.status:950: creating data/icons/32x32/Makefile
config.status:950: creating data/icons/scalable/Makefile
config.status:950: creating po/Makefile.in
config.status:950: creating config.h
config.status:1131: config.h is unchanged
config.status:1179: executing depfiles commands
config.status:1179: executing default-1 commands
config.status:1179: executing po/stamp-it commands

## ---------------------- ##
## Running config.status. ##
## ---------------------- ##

This file was extended by TextED config.status 0.1, which was
generated by GNU Autoconf 2.69.  Invocation command line was

  CONFIG_FILES    = 
  CONFIG_HEADERS  = 
  CONFIG_LINKS    = 
  CONFIG_COMMANDS = 
  $ ./config.status config.h

on PC-baltasarq

config.status:950: creating config.h
config.status:1131: config.h is unchanged
